<?xml version="1.0" encoding="UTF-8"?>
<coverage generated="1684470970363" clover="3.2.0">
  <project timestamp="1684470970363" name="All files">
    <metrics statements="22" coveredstatements="22" conditionals="2" coveredconditionals="1" methods="1" coveredmethods="1" elements="25" coveredelements="24" complexity="0" loc="22" ncloc="22" packages="1" files="2" classes="2"/>
    <file name="index.ts" path="/Users/thejoaov/Documents/Projects/Temp/drone-delivery/drone-delivery-app/src/services/api/index.ts">
      <metrics statements="15" coveredstatements="15" conditionals="1" coveredconditionals="1" methods="1" coveredmethods="1"/>
      <line num="1" count="1" type="stmt"/>
      <line num="2" count="1" type="stmt"/>
      <line num="3" count="1" type="stmt"/>
      <line num="4" count="1" type="stmt"/>
      <line num="5" count="1" type="stmt"/>
      <line num="6" count="1" type="cond" truecount="1" falsecount="0"/>
      <line num="7" count="3" type="stmt"/>
      <line num="8" count="3" type="stmt"/>
      <line num="9" count="3" type="stmt"/>
      <line num="10" count="3" type="stmt"/>
      <line num="11" count="3" type="stmt"/>
      <line num="12" count="3" type="stmt"/>
      <line num="13" count="3" type="stmt"/>
      <line num="14" count="1" type="stmt"/>
      <line num="15" count="1" type="stmt"/>
    </file>
    <file name="instance.ts" path="/Users/thejoaov/Documents/Projects/Temp/drone-delivery/drone-delivery-app/src/services/api/instance.ts">
      <metrics statements="7" coveredstatements="7" conditionals="1" coveredconditionals="0" methods="0" coveredmethods="0"/>
      <line num="1" count="1" type="stmt"/>
      <line num="2" count="1" type="stmt"/>
      <line num="3" count="1" type="stmt"/>
      <line num="4" count="1" type="cond" truecount="0" falsecount="1"/>
      <line num="5" count="1" type="stmt"/>
      <line num="6" count="1" type="stmt"/>
      <line num="7" count="1" type="stmt"/>
    </file>
  </project>
</coverage>
