{"/Users/thejoaov/Documents/Projects/Temp/drone-delivery/drone-delivery-app/src/services/api/index.ts": {"path":"/Users/thejoaov/Documents/Projects/Temp/drone-delivery/drone-delivery-app/src/services/api/index.ts","all":false,"statementMap":{"0":{"start":{"line":1,"column":0},"end":{"line":1,"column":37}},"1":{"start":{"line":2,"column":0},"end":{"line":2,"column":55}},"2":{"start":{"line":3,"column":0},"end":{"line":3,"column":0}},"3":{"start":{"line":4,"column":0},"end":{"line":4,"column":20}},"4":{"start":{"line":5,"column":0},"end":{"line":5,"column":13}},"5":{"start":{"line":6,"column":0},"end":{"line":6,"column":78}},"6":{"start":{"line":7,"column":0},"end":{"line":7,"column":77}},"7":{"start":{"line":8,"column":0},"end":{"line":8,"column":17}},"8":{"start":{"line":9,"column":0},"end":{"line":9,"column":21}},"9":{"start":{"line":10,"column":0},"end":{"line":10,"column":17}},"10":{"start":{"line":11,"column":0},"end":{"line":11,"column":22}},"11":{"start":{"line":12,"column":0},"end":{"line":12,"column":10}},"12":{"start":{"line":13,"column":0},"end":{"line":13,"column":9}},"13":{"start":{"line":14,"column":0},"end":{"line":14,"column":4}},"14":{"start":{"line":15,"column":0},"end":{"line":15,"column":2}}},"s":{"0":1,"1":1,"2":1,"3":1,"4":1,"5":1,"6":3,"7":3,"8":3,"9":3,"10":3,"11":3,"12":3,"13":1,"14":1},"branchMap":{"0":{"type":"branch","line":6,"loc":{"start":{"line":6,"column":18},"end":{"line":13,"column":9}},"locations":[{"start":{"line":6,"column":18},"end":{"line":13,"column":9}}]}},"b":{"0":[3]},"fnMap":{"0":{"name":"getBestRoute","decl":{"start":{"line":6,"column":18},"end":{"line":13,"column":9}},"loc":{"start":{"line":6,"column":18},"end":{"line":13,"column":9}},"line":6}},"f":{"0":3}}
,"/Users/thejoaov/Documents/Projects/Temp/drone-delivery/drone-delivery-app/src/services/api/instance.ts": {"path":"/Users/thejoaov/Documents/Projects/Temp/drone-delivery/drone-delivery-app/src/services/api/instance.ts","all":false,"statementMap":{"0":{"start":{"line":1,"column":0},"end":{"line":1,"column":26}},"1":{"start":{"line":2,"column":0},"end":{"line":2,"column":0}},"2":{"start":{"line":3,"column":0},"end":{"line":3,"column":34}},"3":{"start":{"line":4,"column":0},"end":{"line":4,"column":63}},"4":{"start":{"line":5,"column":0},"end":{"line":5,"column":3}},"5":{"start":{"line":6,"column":0},"end":{"line":6,"column":0}},"6":{"start":{"line":7,"column":0},"end":{"line":7,"column":27}}},"s":{"0":1,"1":1,"2":1,"3":1,"4":1,"5":1,"6":1},"branchMap":{"0":{"type":"branch","line":4,"loc":{"start":{"line":4,"column":35},"end":{"line":4,"column":63}},"locations":[{"start":{"line":4,"column":35},"end":{"line":4,"column":63}}]}},"b":{"0":[0]},"fnMap":{},"f":{}}
}
